<?xml version="1.0" encoding="UTF-8"?>
<!-- Generated by org.testng.reporters.JUnitReportReporter -->
<testsuite hostname="LT032" name="guru99.Class1" tests="1" failures="0" timestamp="7 Jul 2015 10:02:26 GMT" time="31.578" errors="0">
  <testcase name="tc1" time="31.578" classname="guru99.Class1"/>
</testsuite> <!-- guru99.Class1 -->
