<?xml version="1.0" encoding="UTF-8"?>
<!-- Generated by org.testng.reporters.JUnitReportReporter -->
<testsuite hostname="WS5220" name="guru99.DrapandDrop" tests="1" failures="0" timestamp="26 Feb 2018 10:18:01 GMT" time="4.504" errors="0">
  <testcase name="drapdrop" time="4.504" classname="guru99.DrapandDrop"/>
</testsuite> <!-- guru99.DrapandDrop -->
